Determining if the pthread_create exist failed with the following output:
Change Dir: /home/dionigi/catkin_ws/src/crazyflie_ros_cyphy/crazyflie_demo/cmake-build-debug/CMakeFiles/CMakeTmp

Run Build Command:"/usr/bin/make" "cmTC_390f6/fast"
/usr/bin/make -f CMakeFiles/cmTC_390f6.dir/build.make CMakeFiles/cmTC_390f6.dir/build
make[1]: Entering directory '/home/dionigi/catkin_ws/src/crazyflie_ros_cyphy/crazyflie_demo/cmake-build-debug/CMakeFiles/CMakeTmp'
Building C object CMakeFiles/cmTC_390f6.dir/CheckSymbolExists.c.o
/usr/bin/cc    -o CMakeFiles/cmTC_390f6.dir/CheckSymbolExists.c.o   -c /home/dionigi/catkin_ws/src/crazyflie_ros_cyphy/crazyflie_demo/cmake-build-debug/CMakeFiles/CMakeTmp/CheckSymbolExists.c
Linking C executable cmTC_390f6
/home/dionigi/Applications/clion-2018.2/bin/cmake/linux/bin/cmake -E cmake_link_script CMakeFiles/cmTC_390f6.dir/link.txt --verbose=1
/usr/bin/cc      -rdynamic CMakeFiles/cmTC_390f6.dir/CheckSymbolExists.c.o  -o cmTC_390f6 
CMakeFiles/cmTC_390f6.dir/CheckSymbolExists.c.o: In function `main':
CheckSymbolExists.c:(.text+0x16): undefined reference to `pthread_create'
collect2: error: ld returned 1 exit status
CMakeFiles/cmTC_390f6.dir/build.make:86: recipe for target 'cmTC_390f6' failed
make[1]: *** [cmTC_390f6] Error 1
make[1]: Leaving directory '/home/dionigi/catkin_ws/src/crazyflie_ros_cyphy/crazyflie_demo/cmake-build-debug/CMakeFiles/CMakeTmp'
Makefile:121: recipe for target 'cmTC_390f6/fast' failed
make: *** [cmTC_390f6/fast] Error 2

File /home/dionigi/catkin_ws/src/crazyflie_ros_cyphy/crazyflie_demo/cmake-build-debug/CMakeFiles/CMakeTmp/CheckSymbolExists.c:
/* */
#include <pthread.h>

int main(int argc, char** argv)
{
  (void)argv;
#ifndef pthread_create
  return ((int*)(&pthread_create))[argc];
#else
  (void)argc;
  return 0;
#endif
}

Determining if the function pthread_create exists in the pthreads failed with the following output:
Change Dir: /home/dionigi/catkin_ws/src/crazyflie_ros_cyphy/crazyflie_demo/cmake-build-debug/CMakeFiles/CMakeTmp

Run Build Command:"/usr/bin/make" "cmTC_3653b/fast"
/usr/bin/make -f CMakeFiles/cmTC_3653b.dir/build.make CMakeFiles/cmTC_3653b.dir/build
make[1]: Entering directory '/home/dionigi/catkin_ws/src/crazyflie_ros_cyphy/crazyflie_demo/cmake-build-debug/CMakeFiles/CMakeTmp'
Building C object CMakeFiles/cmTC_3653b.dir/CheckFunctionExists.c.o
/usr/bin/cc   -DCHECK_FUNCTION_EXISTS=pthread_create   -o CMakeFiles/cmTC_3653b.dir/CheckFunctionExists.c.o   -c /home/dionigi/Applications/clion-2018.2/bin/cmake/linux/share/cmake-3.12/Modules/CheckFunctionExists.c
Linking C executable cmTC_3653b
/home/dionigi/Applications/clion-2018.2/bin/cmake/linux/bin/cmake -E cmake_link_script CMakeFiles/cmTC_3653b.dir/link.txt --verbose=1
/usr/bin/cc  -DCHECK_FUNCTION_EXISTS=pthread_create    -rdynamic CMakeFiles/cmTC_3653b.dir/CheckFunctionExists.c.o  -o cmTC_3653b -lpthreads 
/usr/bin/ld: cannot find -lpthreads
collect2: error: ld returned 1 exit status
CMakeFiles/cmTC_3653b.dir/build.make:86: recipe for target 'cmTC_3653b' failed
make[1]: *** [cmTC_3653b] Error 1
make[1]: Leaving directory '/home/dionigi/catkin_ws/src/crazyflie_ros_cyphy/crazyflie_demo/cmake-build-debug/CMakeFiles/CMakeTmp'
Makefile:121: recipe for target 'cmTC_3653b/fast' failed
make: *** [cmTC_3653b/fast] Error 2


